<?xml version="1.0" encoding="UTF-8"?>
<!-- Generated by org.testng.reporters.JUnitReportReporter -->
<testsuite skipped="0" hostname="DESKTOP-RKQETD7" name="CommonLIB.TestRunner" tests="4" failures="0" timestamp="05 Aug 2020 20:39:27 GMT" time="129.984" errors="0">
  <testcase name="runScenario" time="33.776" classname="CommonLIB.TestRunner"/>
  <testcase name="runScenario" time="32.365" classname="CommonLIB.TestRunner"/>
  <testcase name="runScenario" time="31.404" classname="CommonLIB.TestRunner"/>
  <testcase name="runScenario" time="32.439" classname="CommonLIB.TestRunner"/>
</testsuite> <!-- CommonLIB.TestRunner -->
