<?xml version="1.0" encoding="UTF-8"?>
<!-- Generated by org.testng.reporters.JUnitReportReporter -->
<testsuite skipped="0" hostname="DESKTOP-RKQETD7" name="PageWiseLIB.TestingNinjaHomeLIB" tests="1" failures="0" timestamp="04 Aug 2020 19:13:46 GMT" time="0.146" errors="0">
  <testcase name="feature" time="0.146" classname="PageWiseLIB.TestingNinjaHomeLIB"/>
</testsuite> <!-- PageWiseLIB.TestingNinjaHomeLIB -->
